
===========================================================================
 report_power
============================================================================
======================= Fastest Corner ===================================

Group                  Internal  Switching    Leakage      Total
                          Power      Power      Power      Power (Watts)
----------------------------------------------------------------
Sequential             1.73e-02   4.39e-03   1.03e-05   2.17e-02  44.3%
Combinational          1.26e-02   1.46e-02   9.43e-08   2.72e-02  55.7%
Macro                  0.00e+00   0.00e+00   0.00e+00   0.00e+00   0.0%
Pad                    0.00e+00   0.00e+00   0.00e+00   0.00e+00   0.0%
----------------------------------------------------------------
Total                  2.98e-02   1.90e-02   1.04e-05   4.89e-02 100.0%
                          61.1%      38.9%       0.0%

======================= Slowest Corner ===================================

Group                  Internal  Switching    Leakage      Total
                          Power      Power      Power      Power (Watts)
----------------------------------------------------------------
Sequential             1.19e-02   2.92e-03   4.09e-05   1.49e-02  44.3%
Combinational          9.12e-03   9.61e-03   3.71e-05   1.88e-02  55.7%
Macro                  0.00e+00   0.00e+00   0.00e+00   0.00e+00   0.0%
Pad                    0.00e+00   0.00e+00   0.00e+00   0.00e+00   0.0%
----------------------------------------------------------------
Total                  2.11e-02   1.25e-02   7.80e-05   3.37e-02 100.0%
                          62.6%      37.2%       0.2%

======================= Typical Corner ===================================

Group                  Internal  Switching    Leakage      Total
                          Power      Power      Power      Power (Watts)
----------------------------------------------------------------
Sequential             1.49e-02   3.73e-03   1.02e-05   1.87e-02  44.2%
Combinational          1.12e-02   1.23e-02   4.83e-08   2.35e-02  55.8%
Macro                  0.00e+00   0.00e+00   0.00e+00   0.00e+00   0.0%
Pad                    0.00e+00   0.00e+00   0.00e+00   0.00e+00   0.0%
----------------------------------------------------------------
Total                  2.61e-02   1.61e-02   1.03e-05   4.22e-02 100.0%
                          61.9%      38.1%       0.0%

