
===========================================================================
 report_power
============================================================================
======================= Fastest Corner ===================================

Group                  Internal  Switching    Leakage      Total
                          Power      Power      Power      Power (Watts)
----------------------------------------------------------------
Sequential             1.72e-02   4.57e-03   1.03e-05   2.18e-02  43.9%
Combinational          1.26e-02   1.53e-02   9.43e-08   2.79e-02  56.1%
Macro                  0.00e+00   0.00e+00   0.00e+00   0.00e+00   0.0%
Pad                    0.00e+00   0.00e+00   0.00e+00   0.00e+00   0.0%
----------------------------------------------------------------
Total                  2.98e-02   1.99e-02   1.04e-05   4.97e-02 100.0%
                          60.0%      40.0%       0.0%

======================= Slowest Corner ===================================

Group                  Internal  Switching    Leakage      Total
                          Power      Power      Power      Power (Watts)
----------------------------------------------------------------
Sequential             1.19e-02   3.04e-03   4.09e-05   1.50e-02  43.9%
Combinational          9.13e-03   1.01e-02   3.71e-05   1.92e-02  56.1%
Macro                  0.00e+00   0.00e+00   0.00e+00   0.00e+00   0.0%
Pad                    0.00e+00   0.00e+00   0.00e+00   0.00e+00   0.0%
----------------------------------------------------------------
Total                  2.11e-02   1.31e-02   7.80e-05   3.42e-02 100.0%
                          61.5%      38.3%       0.2%

======================= Typical Corner ===================================

Group                  Internal  Switching    Leakage      Total
                          Power      Power      Power      Power (Watts)
----------------------------------------------------------------
Sequential             1.49e-02   3.88e-03   1.02e-05   1.88e-02  43.8%
Combinational          1.12e-02   1.29e-02   4.83e-08   2.41e-02  56.2%
Macro                  0.00e+00   0.00e+00   0.00e+00   0.00e+00   0.0%
Pad                    0.00e+00   0.00e+00   0.00e+00   0.00e+00   0.0%
----------------------------------------------------------------
Total                  2.61e-02   1.68e-02   1.03e-05   4.29e-02 100.0%
                          60.8%      39.1%       0.0%

