
===========================================================================
 report_power
============================================================================
======================= Fastest Corner ===================================

Group                  Internal  Switching    Leakage      Total
                          Power      Power      Power      Power (Watts)
----------------------------------------------------------------
Sequential             1.73e-02   4.18e-03   1.03e-05   2.15e-02  44.8%
Combinational          1.26e-02   1.39e-02   9.43e-08   2.65e-02  55.2%
Macro                  0.00e+00   0.00e+00   0.00e+00   0.00e+00   0.0%
Pad                    0.00e+00   0.00e+00   0.00e+00   0.00e+00   0.0%
----------------------------------------------------------------
Total                  2.99e-02   1.81e-02   1.04e-05   4.80e-02 100.0%
                          62.2%      37.8%       0.0%

======================= Slowest Corner ===================================

Group                  Internal  Switching    Leakage      Total
                          Power      Power      Power      Power (Watts)
----------------------------------------------------------------
Sequential             1.20e-02   2.78e-03   4.09e-05   1.48e-02  44.7%
Combinational          9.11e-03   9.14e-03   3.71e-05   1.83e-02  55.3%
Macro                  0.00e+00   0.00e+00   0.00e+00   0.00e+00   0.0%
Pad                    0.00e+00   0.00e+00   0.00e+00   0.00e+00   0.0%
----------------------------------------------------------------
Total                  2.11e-02   1.19e-02   7.80e-05   3.31e-02 100.0%
                          63.7%      36.0%       0.2%

======================= Typical Corner ===================================

Group                  Internal  Switching    Leakage      Total
                          Power      Power      Power      Power (Watts)
----------------------------------------------------------------
Sequential             1.49e-02   3.55e-03   1.02e-05   1.85e-02  44.7%
Combinational          1.12e-02   1.17e-02   4.83e-08   2.29e-02  55.3%
Macro                  0.00e+00   0.00e+00   0.00e+00   0.00e+00   0.0%
Pad                    0.00e+00   0.00e+00   0.00e+00   0.00e+00   0.0%
----------------------------------------------------------------
Total                  2.61e-02   1.53e-02   1.03e-05   4.14e-02 100.0%
                          63.1%      36.9%       0.0%

